This file contains any messages produced by compilers while
running configure, to aid debugging if configure makes a mistake.

It was created by HEIMDALL configure 0.1, which was
generated by GNU Autoconf 2.69.  Invocation command line was

  $ ./configure --prefix=/home/ubuntu/proj/dsa110-shell/dsa110-mbheimdall --with-thrust-dir=/usr/local/thrust-1.7 --with-cuda-dir=/usr/local/cuda

## --------- ##
## Platform. ##
## --------- ##

hostname = corr21
uname -m = x86_64
uname -r = 4.15.0-124-generic
uname -s = Linux
uname -v = #127-Ubuntu SMP Fri Nov 6 10:54:43 UTC 2020

/usr/bin/uname -p = unknown
/bin/uname -X     = unknown

/bin/arch              = unknown
/usr/bin/arch -k       = unknown
/usr/convex/getsysinfo = unknown
/usr/bin/hostinfo      = unknown
/bin/machine           = unknown
/usr/bin/oslevel       = unknown
/bin/universe          = unknown

PATH: /home/ubuntu/anaconda3/envs/casa/bin
PATH: /home/ubuntu/anaconda3/condabin
PATH: /usr/local/sbin
PATH: /usr/local/bin
PATH: /usr/sbin
PATH: /usr/bin
PATH: /sbin
PATH: /bin
PATH: /snap/bin


## ----------- ##
## Core tests. ##
## ----------- ##

configure:2674: checking for a BSD-compatible install
configure:2742: result: /usr/bin/install -c
configure:2753: checking whether build environment is sane
configure:2808: result: yes
configure:2959: checking for a thread-safe mkdir -p
configure:2998: result: /bin/mkdir -p
configure:3005: checking for gawk
configure:3021: found /usr/bin/gawk
configure:3032: result: gawk
configure:3043: checking whether make sets $(MAKE)
configure:3065: result: yes
configure:3094: checking whether make supports nested variables
configure:3111: result: yes
configure:3273: checking build system type
configure:3287: result: x86_64-pc-linux-gnu
configure:3307: checking host system type
configure:3320: result: x86_64-pc-linux-gnu
configure:3399: checking for gcc
configure:3415: found /usr/bin/gcc
configure:3426: result: gcc
configure:3655: checking for C compiler version
configure:3664: gcc --version >&5
gcc (Ubuntu 5.4.0-6ubuntu1~16.04.12) 5.4.0 20160609
Copyright (C) 2015 Free Software Foundation, Inc.
This is free software; see the source for copying conditions.  There is NO
warranty; not even for MERCHANTABILITY or FITNESS FOR A PARTICULAR PURPOSE.

configure:3675: $? = 0
configure:3664: gcc -v >&5
Using built-in specs.
COLLECT_GCC=gcc
COLLECT_LTO_WRAPPER=/usr/lib/gcc/x86_64-linux-gnu/5/lto-wrapper
Target: x86_64-linux-gnu
Configured with: ../src/configure -v --with-pkgversion='Ubuntu 5.4.0-6ubuntu1~16.04.12' --with-bugurl=file:///usr/share/doc/gcc-5/README.Bugs --enable-languages=c,ada,c++,java,go,d,fortran,objc,obj-c++ --prefix=/usr --program-suffix=-5 --enable-shared --enable-linker-build-id --libexecdir=/usr/lib --without-included-gettext --enable-threads=posix --libdir=/usr/lib --enable-nls --with-sysroot=/ --enable-clocale=gnu --enable-libstdcxx-debug --enable-libstdcxx-time=yes --with-default-libstdcxx-abi=new --enable-gnu-unique-object --disable-vtable-verify --enable-libmpx --enable-plugin --with-system-zlib --disable-browser-plugin --enable-java-awt=gtk --enable-gtk-cairo --with-java-home=/usr/lib/jvm/java-1.5.0-gcj-5-amd64/jre --enable-java-home --with-jvm-root-dir=/usr/lib/jvm/java-1.5.0-gcj-5-amd64 --with-jvm-jar-dir=/usr/lib/jvm-exports/java-1.5.0-gcj-5-amd64 --with-arch-directory=amd64 --with-ecj-jar=/usr/share/java/eclipse-ecj.jar --enable-objc-gc --enable-multiarch --disable-werror --with-arch-32=i686 --with-abi=m64 --with-multilib-list=m32,m64,mx32 --enable-multilib --with-tune=generic --enable-checking=release --build=x86_64-linux-gnu --host=x86_64-linux-gnu --target=x86_64-linux-gnu
Thread model: posix
gcc version 5.4.0 20160609 (Ubuntu 5.4.0-6ubuntu1~16.04.12) 
configure:3675: $? = 0
configure:3664: gcc -V >&5
gcc: error: unrecognized command line option '-V'
gcc: fatal error: no input files
compilation terminated.
configure:3675: $? = 1
configure:3664: gcc -qversion >&5
gcc: error: unrecognized command line option '-qversion'
gcc: fatal error: no input files
compilation terminated.
configure:3675: $? = 1
configure:3695: checking whether the C compiler works
configure:3717: gcc    conftest.c  >&5
configure:3721: $? = 0
configure:3769: result: yes
configure:3772: checking for C compiler default output file name
configure:3774: result: a.out
configure:3780: checking for suffix of executables
configure:3787: gcc -o conftest    conftest.c  >&5
configure:3791: $? = 0
configure:3813: result: 
configure:3835: checking whether we are cross compiling
configure:3843: gcc -o conftest    conftest.c  >&5
configure:3847: $? = 0
configure:3854: ./conftest
configure:3858: $? = 0
configure:3873: result: no
configure:3878: checking for suffix of object files
configure:3900: gcc -c   conftest.c >&5
configure:3904: $? = 0
configure:3925: result: o
configure:3929: checking whether we are using the GNU C compiler
configure:3948: gcc -c   conftest.c >&5
configure:3948: $? = 0
configure:3957: result: yes
configure:3966: checking whether gcc accepts -g
configure:3986: gcc -c -g  conftest.c >&5
configure:3986: $? = 0
configure:4027: result: yes
configure:4044: checking for gcc option to accept ISO C89
configure:4107: gcc  -c -g -O2  conftest.c >&5
configure:4107: $? = 0
configure:4120: result: none needed
configure:4145: checking whether gcc understands -c and -o together
configure:4167: gcc -c conftest.c -o conftest2.o
configure:4170: $? = 0
configure:4167: gcc -c conftest.c -o conftest2.o
configure:4170: $? = 0
configure:4182: result: yes
configure:4210: checking for style of include used by make
configure:4238: result: GNU
configure:4264: checking dependency style of gcc
configure:4375: result: gcc3
configure:4395: checking how to run the C preprocessor
configure:4426: gcc -E  conftest.c
configure:4426: $? = 0
configure:4440: gcc -E  conftest.c
conftest.c:11:28: fatal error: ac_nonexistent.h: No such file or directory
compilation terminated.
configure:4440: $? = 1
configure: failed program was:
| /* confdefs.h */
| #define PACKAGE_NAME "HEIMDALL"
| #define PACKAGE_TARNAME "heimdall"
| #define PACKAGE_VERSION "0.1"
| #define PACKAGE_STRING "HEIMDALL 0.1"
| #define PACKAGE_BUGREPORT "ajameson@swin.edu.au"
| #define PACKAGE_URL ""
| #define PACKAGE "heimdall"
| #define VERSION "0.1"
| /* end confdefs.h.  */
| #include <ac_nonexistent.h>
configure:4465: result: gcc -E
configure:4485: gcc -E  conftest.c
configure:4485: $? = 0
configure:4499: gcc -E  conftest.c
conftest.c:11:28: fatal error: ac_nonexistent.h: No such file or directory
compilation terminated.
configure:4499: $? = 1
configure: failed program was:
| /* confdefs.h */
| #define PACKAGE_NAME "HEIMDALL"
| #define PACKAGE_TARNAME "heimdall"
| #define PACKAGE_VERSION "0.1"
| #define PACKAGE_STRING "HEIMDALL 0.1"
| #define PACKAGE_BUGREPORT "ajameson@swin.edu.au"
| #define PACKAGE_URL ""
| #define PACKAGE "heimdall"
| #define VERSION "0.1"
| /* end confdefs.h.  */
| #include <ac_nonexistent.h>
configure:4585: checking for g++
configure:4601: found /usr/bin/g++
configure:4612: result: g++
configure:4639: checking for C++ compiler version
configure:4648: g++ --version >&5
g++ (Ubuntu 5.4.0-6ubuntu1~16.04.12) 5.4.0 20160609
Copyright (C) 2015 Free Software Foundation, Inc.
This is free software; see the source for copying conditions.  There is NO
warranty; not even for MERCHANTABILITY or FITNESS FOR A PARTICULAR PURPOSE.

configure:4659: $? = 0
configure:4648: g++ -v >&5
Using built-in specs.
COLLECT_GCC=g++
COLLECT_LTO_WRAPPER=/usr/lib/gcc/x86_64-linux-gnu/5/lto-wrapper
Target: x86_64-linux-gnu
Configured with: ../src/configure -v --with-pkgversion='Ubuntu 5.4.0-6ubuntu1~16.04.12' --with-bugurl=file:///usr/share/doc/gcc-5/README.Bugs --enable-languages=c,ada,c++,java,go,d,fortran,objc,obj-c++ --prefix=/usr --program-suffix=-5 --enable-shared --enable-linker-build-id --libexecdir=/usr/lib --without-included-gettext --enable-threads=posix --libdir=/usr/lib --enable-nls --with-sysroot=/ --enable-clocale=gnu --enable-libstdcxx-debug --enable-libstdcxx-time=yes --with-default-libstdcxx-abi=new --enable-gnu-unique-object --disable-vtable-verify --enable-libmpx --enable-plugin --with-system-zlib --disable-browser-plugin --enable-java-awt=gtk --enable-gtk-cairo --with-java-home=/usr/lib/jvm/java-1.5.0-gcj-5-amd64/jre --enable-java-home --with-jvm-root-dir=/usr/lib/jvm/java-1.5.0-gcj-5-amd64 --with-jvm-jar-dir=/usr/lib/jvm-exports/java-1.5.0-gcj-5-amd64 --with-arch-directory=amd64 --with-ecj-jar=/usr/share/java/eclipse-ecj.jar --enable-objc-gc --enable-multiarch --disable-werror --with-arch-32=i686 --with-abi=m64 --with-multilib-list=m32,m64,mx32 --enable-multilib --with-tune=generic --enable-checking=release --build=x86_64-linux-gnu --host=x86_64-linux-gnu --target=x86_64-linux-gnu
Thread model: posix
gcc version 5.4.0 20160609 (Ubuntu 5.4.0-6ubuntu1~16.04.12) 
configure:4659: $? = 0
configure:4648: g++ -V >&5
g++: error: unrecognized command line option '-V'
g++: fatal error: no input files
compilation terminated.
configure:4659: $? = 1
configure:4648: g++ -qversion >&5
g++: error: unrecognized command line option '-qversion'
g++: fatal error: no input files
compilation terminated.
configure:4659: $? = 1
configure:4663: checking whether we are using the GNU C++ compiler
configure:4682: g++ -c   conftest.cpp >&5
configure:4682: $? = 0
configure:4691: result: yes
configure:4700: checking whether g++ accepts -g
configure:4720: g++ -c -g  conftest.cpp >&5
configure:4720: $? = 0
configure:4761: result: yes
configure:4786: checking dependency style of g++
configure:4897: result: gcc3
configure:4960: checking how to print strings
configure:4987: result: printf
configure:5008: checking for a sed that does not truncate output
configure:5072: result: /bin/sed
configure:5090: checking for grep that handles long lines and -e
configure:5148: result: /bin/grep
configure:5153: checking for egrep
configure:5215: result: /bin/grep -E
configure:5220: checking for fgrep
configure:5282: result: /bin/grep -F
configure:5317: checking for ld used by gcc
configure:5384: result: /usr/bin/ld
configure:5391: checking if the linker (/usr/bin/ld) is GNU ld
configure:5406: result: yes
configure:5418: checking for BSD- or MS-compatible name lister (nm)
configure:5472: result: /usr/bin/nm -B
configure:5602: checking the name lister (/usr/bin/nm -B) interface
configure:5609: gcc -c -g -O2  conftest.c >&5
configure:5612: /usr/bin/nm -B "conftest.o"
configure:5615: output
0000000000000000 B some_variable
configure:5622: result: BSD nm
configure:5625: checking whether ln -s works
configure:5629: result: yes
configure:5637: checking the maximum length of command line arguments
configure:5768: result: 1572864
configure:5816: checking how to convert x86_64-pc-linux-gnu file names to x86_64-pc-linux-gnu format
configure:5856: result: func_convert_file_noop
configure:5863: checking how to convert x86_64-pc-linux-gnu file names to toolchain format
configure:5883: result: func_convert_file_noop
configure:5890: checking for /usr/bin/ld option to reload object files
configure:5897: result: -r
configure:5971: checking for objdump
configure:5987: found /usr/bin/objdump
configure:5998: result: objdump
configure:6030: checking how to recognize dependent libraries
configure:6230: result: pass_all
configure:6315: checking for dlltool
configure:6345: result: no
configure:6375: checking how to associate runtime and link libraries
configure:6402: result: printf %s\n
configure:6463: checking for ar
configure:6479: found /usr/bin/ar
configure:6490: result: ar
configure:6527: checking for archiver @FILE support
configure:6544: gcc -c -g -O2  conftest.c >&5
configure:6544: $? = 0
configure:6547: ar cru libconftest.a @conftest.lst >&5
ar: `u' modifier ignored since `D' is the default (see `U')
configure:6550: $? = 0
configure:6555: ar cru libconftest.a @conftest.lst >&5
ar: `u' modifier ignored since `D' is the default (see `U')
ar: conftest.o: No such file or directory
configure:6558: $? = 1
configure:6570: result: @
configure:6628: checking for strip
configure:6644: found /usr/bin/strip
configure:6655: result: strip
configure:6727: checking for ranlib
configure:6743: found /usr/bin/ranlib
configure:6754: result: ranlib
configure:6856: checking command to parse /usr/bin/nm -B output from gcc object
configure:7009: gcc -c -g -O2  conftest.c >&5
configure:7012: $? = 0
configure:7016: /usr/bin/nm -B conftest.o \| sed -n -e 's/^.*[ ]\([ABCDGIRSTW][ABCDGIRSTW]*\)[ ][ ]*\([_A-Za-z][_A-Za-z0-9]*\)$/\1 \2 \2/p' | sed '/ __gnu_lto/d' \> conftest.nm
configure:7019: $? = 0
configure:7085: gcc -o conftest -g -O2   conftest.c conftstm.o >&5
configure:7088: $? = 0
configure:7126: result: ok
configure:7173: checking for sysroot
configure:7203: result: no
configure:7210: checking for a working dd
configure:7248: result: /bin/dd
configure:7252: checking how to truncate binary pipes
configure:7267: result: /bin/dd bs=4096 count=1
configure:7403: gcc -c -g -O2  conftest.c >&5
configure:7406: $? = 0
configure:7596: checking for mt
configure:7612: found /bin/mt
configure:7623: result: mt
configure:7646: checking if mt is a manifest tool
configure:7652: mt '-?'
configure:7660: result: no
configure:8333: checking for ANSI C header files
configure:8353: gcc -c -g -O2  conftest.c >&5
configure:8353: $? = 0
configure:8426: gcc -o conftest -g -O2   conftest.c  >&5
configure:8426: $? = 0
configure:8426: ./conftest
configure:8426: $? = 0
configure:8437: result: yes
configure:8450: checking for sys/types.h
configure:8450: gcc -c -g -O2  conftest.c >&5
configure:8450: $? = 0
configure:8450: result: yes
configure:8450: checking for sys/stat.h
configure:8450: gcc -c -g -O2  conftest.c >&5
configure:8450: $? = 0
configure:8450: result: yes
configure:8450: checking for stdlib.h
configure:8450: gcc -c -g -O2  conftest.c >&5
configure:8450: $? = 0
configure:8450: result: yes
configure:8450: checking for string.h
configure:8450: gcc -c -g -O2  conftest.c >&5
configure:8450: $? = 0
configure:8450: result: yes
configure:8450: checking for memory.h
configure:8450: gcc -c -g -O2  conftest.c >&5
configure:8450: $? = 0
configure:8450: result: yes
configure:8450: checking for strings.h
configure:8450: gcc -c -g -O2  conftest.c >&5
configure:8450: $? = 0
configure:8450: result: yes
configure:8450: checking for inttypes.h
configure:8450: gcc -c -g -O2  conftest.c >&5
configure:8450: $? = 0
configure:8450: result: yes
configure:8450: checking for stdint.h
configure:8450: gcc -c -g -O2  conftest.c >&5
configure:8450: $? = 0
configure:8450: result: yes
configure:8450: checking for unistd.h
configure:8450: gcc -c -g -O2  conftest.c >&5
configure:8450: $? = 0
configure:8450: result: yes
configure:8464: checking for dlfcn.h
configure:8464: gcc -c -g -O2  conftest.c >&5
configure:8464: $? = 0
configure:8464: result: yes
configure:8701: checking for objdir
configure:8716: result: .libs
configure:8980: checking if gcc supports -fno-rtti -fno-exceptions
configure:8998: gcc -c -g -O2  -fno-rtti -fno-exceptions conftest.c >&5
cc1: warning: command line option '-fno-rtti' is valid for C++/ObjC++ but not for C
configure:9002: $? = 0
configure:9015: result: no
configure:9373: checking for gcc option to produce PIC
configure:9380: result: -fPIC -DPIC
configure:9388: checking if gcc PIC flag -fPIC -DPIC works
configure:9406: gcc -c -g -O2  -fPIC -DPIC -DPIC conftest.c >&5
configure:9410: $? = 0
configure:9423: result: yes
configure:9452: checking if gcc static flag -static works
configure:9480: result: yes
configure:9495: checking if gcc supports -c -o file.o
configure:9516: gcc -c -g -O2  -o out/conftest2.o conftest.c >&5
configure:9520: $? = 0
configure:9542: result: yes
configure:9550: checking if gcc supports -c -o file.o
configure:9597: result: yes
configure:9630: checking whether the gcc linker (/usr/bin/ld -m elf_x86_64) supports shared libraries
configure:10889: result: yes
configure:11129: checking dynamic linker characteristics
configure:11710: gcc -o conftest -g -O2   -Wl,-rpath -Wl,/foo conftest.c  >&5
configure:11710: $? = 0
configure:11947: result: GNU/Linux ld.so
configure:12069: checking how to hardcode library paths into programs
configure:12094: result: immediate
configure:12642: checking whether stripping libraries is possible
configure:12647: result: yes
configure:12682: checking if libtool supports shared libraries
configure:12684: result: yes
configure:12687: checking whether to build shared libraries
configure:12712: result: no
configure:12715: checking whether to build static libraries
configure:12719: result: yes
configure:12742: checking how to run the C++ preprocessor
configure:12769: g++ -E  conftest.cpp
configure:12769: $? = 0
configure:12783: g++ -E  conftest.cpp
conftest.cpp:23:28: fatal error: ac_nonexistent.h: No such file or directory
compilation terminated.
configure:12783: $? = 1
configure: failed program was:
| /* confdefs.h */
| #define PACKAGE_NAME "HEIMDALL"
| #define PACKAGE_TARNAME "heimdall"
| #define PACKAGE_VERSION "0.1"
| #define PACKAGE_STRING "HEIMDALL 0.1"
| #define PACKAGE_BUGREPORT "ajameson@swin.edu.au"
| #define PACKAGE_URL ""
| #define PACKAGE "heimdall"
| #define VERSION "0.1"
| #define STDC_HEADERS 1
| #define HAVE_SYS_TYPES_H 1
| #define HAVE_SYS_STAT_H 1
| #define HAVE_STDLIB_H 1
| #define HAVE_STRING_H 1
| #define HAVE_MEMORY_H 1
| #define HAVE_STRINGS_H 1
| #define HAVE_INTTYPES_H 1
| #define HAVE_STDINT_H 1
| #define HAVE_UNISTD_H 1
| #define HAVE_DLFCN_H 1
| #define LT_OBJDIR ".libs/"
| /* end confdefs.h.  */
| #include <ac_nonexistent.h>
configure:12808: result: g++ -E
configure:12828: g++ -E  conftest.cpp
configure:12828: $? = 0
configure:12842: g++ -E  conftest.cpp
conftest.cpp:23:28: fatal error: ac_nonexistent.h: No such file or directory
compilation terminated.
configure:12842: $? = 1
configure: failed program was:
| /* confdefs.h */
| #define PACKAGE_NAME "HEIMDALL"
| #define PACKAGE_TARNAME "heimdall"
| #define PACKAGE_VERSION "0.1"
| #define PACKAGE_STRING "HEIMDALL 0.1"
| #define PACKAGE_BUGREPORT "ajameson@swin.edu.au"
| #define PACKAGE_URL ""
| #define PACKAGE "heimdall"
| #define VERSION "0.1"
| #define STDC_HEADERS 1
| #define HAVE_SYS_TYPES_H 1
| #define HAVE_SYS_STAT_H 1
| #define HAVE_STDLIB_H 1
| #define HAVE_STRING_H 1
| #define HAVE_MEMORY_H 1
| #define HAVE_STRINGS_H 1
| #define HAVE_INTTYPES_H 1
| #define HAVE_STDINT_H 1
| #define HAVE_UNISTD_H 1
| #define HAVE_DLFCN_H 1
| #define LT_OBJDIR ".libs/"
| /* end confdefs.h.  */
| #include <ac_nonexistent.h>
configure:13004: checking for ld used by g++
configure:13071: result: /usr/bin/ld -m elf_x86_64
configure:13078: checking if the linker (/usr/bin/ld -m elf_x86_64) is GNU ld
configure:13093: result: yes
configure:13148: checking whether the g++ linker (/usr/bin/ld -m elf_x86_64) supports shared libraries
configure:14221: result: yes
configure:14257: g++ -c -g -O2  conftest.cpp >&5
configure:14260: $? = 0
configure:14741: checking for g++ option to produce PIC
configure:14748: result: -fPIC -DPIC
configure:14756: checking if g++ PIC flag -fPIC -DPIC works
configure:14774: g++ -c -g -O2  -fPIC -DPIC -DPIC conftest.cpp >&5
configure:14778: $? = 0
configure:14791: result: yes
configure:14814: checking if g++ static flag -static works
configure:14842: result: yes
configure:14854: checking if g++ supports -c -o file.o
configure:14875: g++ -c -g -O2  -o out/conftest2.o conftest.cpp >&5
configure:14879: $? = 0
configure:14901: result: yes
configure:14906: checking if g++ supports -c -o file.o
configure:14953: result: yes
configure:14983: checking whether the g++ linker (/usr/bin/ld -m elf_x86_64) supports shared libraries
configure:15023: result: yes
configure:15164: checking dynamic linker characteristics
configure:15909: result: GNU/Linux ld.so
configure:15974: checking how to hardcode library paths into programs
configure:15999: result: immediate
configure:16180: checking for DEDISP Library installation
configure:16220: gcc -c -I. -g -O2   conftest.c >&5
configure:16220: $? = 0
configure:16291: gcc -o conftest  -g -O2    conftest.c -L/usr/local/lib -ldedisp -lstdc++   >&5
configure:16291: $? = 0
configure:16314: result: yes
configure:16466: checking for CUDA installation
configure:16508: gcc -c -I/usr/local/cuda/include -g -O2   conftest.c >&5
configure:16508: $? = 0
configure:16579: gcc -o conftest -I/usr/local/cuda/include -g -O2    conftest.c -L/usr/local/cuda/lib -lcudart   >&5
/usr/bin/ld: cannot find -lcudart
collect2: error: ld returned 1 exit status
configure:16579: $? = 1
configure: failed program was:
| /* confdefs.h */
| #define PACKAGE_NAME "HEIMDALL"
| #define PACKAGE_TARNAME "heimdall"
| #define PACKAGE_VERSION "0.1"
| #define PACKAGE_STRING "HEIMDALL 0.1"
| #define PACKAGE_BUGREPORT "ajameson@swin.edu.au"
| #define PACKAGE_URL ""
| #define PACKAGE "heimdall"
| #define VERSION "0.1"
| #define STDC_HEADERS 1
| #define HAVE_SYS_TYPES_H 1
| #define HAVE_SYS_STAT_H 1
| #define HAVE_STDLIB_H 1
| #define HAVE_STRING_H 1
| #define HAVE_MEMORY_H 1
| #define HAVE_STRINGS_H 1
| #define HAVE_INTTYPES_H 1
| #define HAVE_STDINT_H 1
| #define HAVE_UNISTD_H 1
| #define HAVE_DLFCN_H 1
| #define LT_OBJDIR ".libs/"
| #define HAVE_DEDISP 1
| /* end confdefs.h.  */
| #include <cuda_runtime.h>
| int
| main ()
| {
| cudaMalloc (0, 0);
|   ;
|   return 0;
| }
configure:16579: gcc -o conftest -I/usr/local/cuda/include -g -O2    conftest.c -L/usr/local/cuda/lib64 -lcudart   >&5
configure:16579: $? = 0
configure:16605: result: yes
configure:16706: checking for PSRDADA Library installation
configure:16750: gcc -c -I. -g -O2   conftest.c >&5
configure:16750: $? = 0
configure:16821: gcc -o conftest  -g -O2    conftest.c -L/usr/local/lib -lpsrdada   >&5
configure:16821: $? = 0
configure:16845: result: yes
configure:16937: checking for THRUST Library installation
configure:16993: g++ -c -I/usr/local/thrust-1.7/include -g -O2  -I/usr/local/cuda/include  conftest.cpp >&5
configure:16993: $? = 0
configure:17022: result: yes
configure: this is boost.m4 serial 25
configure:17081: checking for Boost headers version >= 1.4.0
configure:17152: g++ -c -g -O2  -I/usr/local/cuda/include  conftest.cpp >&5
configure:17152: $? = 0
configure:17173: result: yes
configure:17192: checking for Boost's header version
configure:17222: result: 1_58
configure:17236: checking for ANSI C header files
configure:17340: result: yes
configure:17351: checking arpa/inet.h usability
configure:17351: gcc -c -g -O2   conftest.c >&5
configure:17351: $? = 0
configure:17351: result: yes
configure:17351: checking arpa/inet.h presence
configure:17351: gcc -E  conftest.c
configure:17351: $? = 0
configure:17351: result: yes
configure:17351: checking for arpa/inet.h
configure:17351: result: yes
configure:17351: checking fcntl.h usability
configure:17351: gcc -c -g -O2   conftest.c >&5
configure:17351: $? = 0
configure:17351: result: yes
configure:17351: checking fcntl.h presence
configure:17351: gcc -E  conftest.c
configure:17351: $? = 0
configure:17351: result: yes
configure:17351: checking for fcntl.h
configure:17351: result: yes
configure:17351: checking for inttypes.h
configure:17351: result: yes
configure:17351: checking netdb.h usability
configure:17351: gcc -c -g -O2   conftest.c >&5
configure:17351: $? = 0
configure:17351: result: yes
configure:17351: checking netdb.h presence
configure:17351: gcc -E  conftest.c
configure:17351: $? = 0
configure:17351: result: yes
configure:17351: checking for netdb.h
configure:17351: result: yes
configure:17351: checking netinet/in.h usability
configure:17351: gcc -c -g -O2   conftest.c >&5
configure:17351: $? = 0
configure:17351: result: yes
configure:17351: checking netinet/in.h presence
configure:17351: gcc -E  conftest.c
configure:17351: $? = 0
configure:17351: result: yes
configure:17351: checking for netinet/in.h
configure:17351: result: yes
configure:17351: checking for stdlib.h
configure:17351: result: yes
configure:17351: checking for string.h
configure:17351: result: yes
configure:17351: checking sys/socket.h usability
configure:17351: gcc -c -g -O2   conftest.c >&5
configure:17351: $? = 0
configure:17351: result: yes
configure:17351: checking sys/socket.h presence
configure:17351: gcc -E  conftest.c
configure:17351: $? = 0
configure:17351: result: yes
configure:17351: checking for sys/socket.h
configure:17351: result: yes
configure:17351: checking sys/time.h usability
configure:17351: gcc -c -g -O2   conftest.c >&5
configure:17351: $? = 0
configure:17351: result: yes
configure:17351: checking sys/time.h presence
configure:17351: gcc -E  conftest.c
configure:17351: $? = 0
configure:17351: result: yes
configure:17351: checking for sys/time.h
configure:17351: result: yes
configure:17351: checking for unistd.h
configure:17351: result: yes
configure:17363: checking for stdbool.h that conforms to C99
configure:17430: gcc -c -g -O2   conftest.c >&5
configure:17430: $? = 0
configure:17437: result: yes
configure:17439: checking for _Bool
configure:17439: gcc -c -g -O2   conftest.c >&5
configure:17439: $? = 0
configure:17439: gcc -c -g -O2   conftest.c >&5
conftest.c: In function 'main':
conftest.c:75:20: error: expected expression before ')' token
 if (sizeof ((_Bool)))
                    ^
configure:17439: $? = 1
configure: failed program was:
| /* confdefs.h */
| #define PACKAGE_NAME "HEIMDALL"
| #define PACKAGE_TARNAME "heimdall"
| #define PACKAGE_VERSION "0.1"
| #define PACKAGE_STRING "HEIMDALL 0.1"
| #define PACKAGE_BUGREPORT "ajameson@swin.edu.au"
| #define PACKAGE_URL ""
| #define PACKAGE "heimdall"
| #define VERSION "0.1"
| #define STDC_HEADERS 1
| #define HAVE_SYS_TYPES_H 1
| #define HAVE_SYS_STAT_H 1
| #define HAVE_STDLIB_H 1
| #define HAVE_STRING_H 1
| #define HAVE_MEMORY_H 1
| #define HAVE_STRINGS_H 1
| #define HAVE_INTTYPES_H 1
| #define HAVE_STDINT_H 1
| #define HAVE_UNISTD_H 1
| #define HAVE_DLFCN_H 1
| #define LT_OBJDIR ".libs/"
| #define HAVE_DEDISP 1
| #define HAVE_CUDA 1
| #define HAVE_PSRDADA 1
| #define HAVE_THRUST 1
| #define HAVE_BOOST 1
| #define STDC_HEADERS 1
| #define HAVE_ARPA_INET_H 1
| #define HAVE_FCNTL_H 1
| #define HAVE_INTTYPES_H 1
| #define HAVE_NETDB_H 1
| #define HAVE_NETINET_IN_H 1
| #define HAVE_STDLIB_H 1
| #define HAVE_STRING_H 1
| #define HAVE_SYS_SOCKET_H 1
| #define HAVE_SYS_TIME_H 1
| #define HAVE_UNISTD_H 1
| /* end confdefs.h.  */
| #include <stdio.h>
| #ifdef HAVE_SYS_TYPES_H
| # include <sys/types.h>
| #endif
| #ifdef HAVE_SYS_STAT_H
| # include <sys/stat.h>
| #endif
| #ifdef STDC_HEADERS
| # include <stdlib.h>
| # include <stddef.h>
| #else
| # ifdef HAVE_STDLIB_H
| #  include <stdlib.h>
| # endif
| #endif
| #ifdef HAVE_STRING_H
| # if !defined STDC_HEADERS && defined HAVE_MEMORY_H
| #  include <memory.h>
| # endif
| # include <string.h>
| #endif
| #ifdef HAVE_STRINGS_H
| # include <strings.h>
| #endif
| #ifdef HAVE_INTTYPES_H
| # include <inttypes.h>
| #endif
| #ifdef HAVE_STDINT_H
| # include <stdint.h>
| #endif
| #ifdef HAVE_UNISTD_H
| # include <unistd.h>
| #endif
| int
| main ()
| {
| if (sizeof ((_Bool)))
| 	    return 0;
|   ;
|   return 0;
| }
configure:17439: result: yes
configure:17456: checking for inline
configure:17472: gcc -c -g -O2   conftest.c >&5
configure:17472: $? = 0
configure:17480: result: inline
configure:17498: checking for int64_t
configure:17498: gcc -c -g -O2   conftest.c >&5
configure:17498: $? = 0
configure:17498: gcc -c -g -O2   conftest.c >&5
conftest.c: In function 'main':
conftest.c:79:53: warning: integer overflow in expression [-Woverflow]
    < (int64_t) (((((int64_t) 1 << N) << N) - 1) * 2 + 2))];
                                                     ^
conftest.c:78:12: error: storage size of 'test_array' isn't constant
 static int test_array [1 - 2 * !((int64_t) (((((int64_t) 1 << N) << N) - 1) * 2 + 1)
            ^
configure:17498: $? = 1
configure: failed program was:
| /* confdefs.h */
| #define PACKAGE_NAME "HEIMDALL"
| #define PACKAGE_TARNAME "heimdall"
| #define PACKAGE_VERSION "0.1"
| #define PACKAGE_STRING "HEIMDALL 0.1"
| #define PACKAGE_BUGREPORT "ajameson@swin.edu.au"
| #define PACKAGE_URL ""
| #define PACKAGE "heimdall"
| #define VERSION "0.1"
| #define STDC_HEADERS 1
| #define HAVE_SYS_TYPES_H 1
| #define HAVE_SYS_STAT_H 1
| #define HAVE_STDLIB_H 1
| #define HAVE_STRING_H 1
| #define HAVE_MEMORY_H 1
| #define HAVE_STRINGS_H 1
| #define HAVE_INTTYPES_H 1
| #define HAVE_STDINT_H 1
| #define HAVE_UNISTD_H 1
| #define HAVE_DLFCN_H 1
| #define LT_OBJDIR ".libs/"
| #define HAVE_DEDISP 1
| #define HAVE_CUDA 1
| #define HAVE_PSRDADA 1
| #define HAVE_THRUST 1
| #define HAVE_BOOST 1
| #define STDC_HEADERS 1
| #define HAVE_ARPA_INET_H 1
| #define HAVE_FCNTL_H 1
| #define HAVE_INTTYPES_H 1
| #define HAVE_NETDB_H 1
| #define HAVE_NETINET_IN_H 1
| #define HAVE_STDLIB_H 1
| #define HAVE_STRING_H 1
| #define HAVE_SYS_SOCKET_H 1
| #define HAVE_SYS_TIME_H 1
| #define HAVE_UNISTD_H 1
| #define HAVE__BOOL 1
| #define HAVE_STDBOOL_H 1
| /* end confdefs.h.  */
| #include <stdio.h>
| #ifdef HAVE_SYS_TYPES_H
| # include <sys/types.h>
| #endif
| #ifdef HAVE_SYS_STAT_H
| # include <sys/stat.h>
| #endif
| #ifdef STDC_HEADERS
| # include <stdlib.h>
| # include <stddef.h>
| #else
| # ifdef HAVE_STDLIB_H
| #  include <stdlib.h>
| # endif
| #endif
| #ifdef HAVE_STRING_H
| # if !defined STDC_HEADERS && defined HAVE_MEMORY_H
| #  include <memory.h>
| # endif
| # include <string.h>
| #endif
| #ifdef HAVE_STRINGS_H
| # include <strings.h>
| #endif
| #ifdef HAVE_INTTYPES_H
| # include <inttypes.h>
| #endif
| #ifdef HAVE_STDINT_H
| # include <stdint.h>
| #endif
| #ifdef HAVE_UNISTD_H
| # include <unistd.h>
| #endif
| 	        enum { N = 64 / 2 - 1 };
| int
| main ()
| {
| static int test_array [1 - 2 * !((int64_t) (((((int64_t) 1 << N) << N) - 1) * 2 + 1)
| 		 < (int64_t) (((((int64_t) 1 << N) << N) - 1) * 2 + 2))];
| test_array [0] = 0;
| return test_array [0];
| 
|   ;
|   return 0;
| }
configure:17498: result: yes
configure:17509: checking for size_t
configure:17509: gcc -c -g -O2   conftest.c >&5
configure:17509: $? = 0
configure:17509: gcc -c -g -O2   conftest.c >&5
conftest.c: In function 'main':
conftest.c:77:21: error: expected expression before ')' token
 if (sizeof ((size_t)))
                     ^
configure:17509: $? = 1
configure: failed program was:
| /* confdefs.h */
| #define PACKAGE_NAME "HEIMDALL"
| #define PACKAGE_TARNAME "heimdall"
| #define PACKAGE_VERSION "0.1"
| #define PACKAGE_STRING "HEIMDALL 0.1"
| #define PACKAGE_BUGREPORT "ajameson@swin.edu.au"
| #define PACKAGE_URL ""
| #define PACKAGE "heimdall"
| #define VERSION "0.1"
| #define STDC_HEADERS 1
| #define HAVE_SYS_TYPES_H 1
| #define HAVE_SYS_STAT_H 1
| #define HAVE_STDLIB_H 1
| #define HAVE_STRING_H 1
| #define HAVE_MEMORY_H 1
| #define HAVE_STRINGS_H 1
| #define HAVE_INTTYPES_H 1
| #define HAVE_STDINT_H 1
| #define HAVE_UNISTD_H 1
| #define HAVE_DLFCN_H 1
| #define LT_OBJDIR ".libs/"
| #define HAVE_DEDISP 1
| #define HAVE_CUDA 1
| #define HAVE_PSRDADA 1
| #define HAVE_THRUST 1
| #define HAVE_BOOST 1
| #define STDC_HEADERS 1
| #define HAVE_ARPA_INET_H 1
| #define HAVE_FCNTL_H 1
| #define HAVE_INTTYPES_H 1
| #define HAVE_NETDB_H 1
| #define HAVE_NETINET_IN_H 1
| #define HAVE_STDLIB_H 1
| #define HAVE_STRING_H 1
| #define HAVE_SYS_SOCKET_H 1
| #define HAVE_SYS_TIME_H 1
| #define HAVE_UNISTD_H 1
| #define HAVE__BOOL 1
| #define HAVE_STDBOOL_H 1
| /* end confdefs.h.  */
| #include <stdio.h>
| #ifdef HAVE_SYS_TYPES_H
| # include <sys/types.h>
| #endif
| #ifdef HAVE_SYS_STAT_H
| # include <sys/stat.h>
| #endif
| #ifdef STDC_HEADERS
| # include <stdlib.h>
| # include <stddef.h>
| #else
| # ifdef HAVE_STDLIB_H
| #  include <stdlib.h>
| # endif
| #endif
| #ifdef HAVE_STRING_H
| # if !defined STDC_HEADERS && defined HAVE_MEMORY_H
| #  include <memory.h>
| # endif
| # include <string.h>
| #endif
| #ifdef HAVE_STRINGS_H
| # include <strings.h>
| #endif
| #ifdef HAVE_INTTYPES_H
| # include <inttypes.h>
| #endif
| #ifdef HAVE_STDINT_H
| # include <stdint.h>
| #endif
| #ifdef HAVE_UNISTD_H
| # include <unistd.h>
| #endif
| int
| main ()
| {
| if (sizeof ((size_t)))
| 	    return 0;
|   ;
|   return 0;
| }
configure:17509: result: yes
configure:17520: checking for uint64_t
configure:17520: gcc -c -g -O2   conftest.c >&5
configure:17520: $? = 0
configure:17520: result: yes
configure:17534: checking for an ANSI C-conforming const
configure:17600: gcc -c -g -O2   conftest.c >&5
configure:17600: $? = 0
configure:17607: result: yes
configure:17615: checking for pid_t
configure:17615: gcc -c -g -O2   conftest.c >&5
configure:17615: $? = 0
configure:17615: gcc -c -g -O2   conftest.c >&5
conftest.c: In function 'main':
conftest.c:77:20: error: expected expression before ')' token
 if (sizeof ((pid_t)))
                    ^
configure:17615: $? = 1
configure: failed program was:
| /* confdefs.h */
| #define PACKAGE_NAME "HEIMDALL"
| #define PACKAGE_TARNAME "heimdall"
| #define PACKAGE_VERSION "0.1"
| #define PACKAGE_STRING "HEIMDALL 0.1"
| #define PACKAGE_BUGREPORT "ajameson@swin.edu.au"
| #define PACKAGE_URL ""
| #define PACKAGE "heimdall"
| #define VERSION "0.1"
| #define STDC_HEADERS 1
| #define HAVE_SYS_TYPES_H 1
| #define HAVE_SYS_STAT_H 1
| #define HAVE_STDLIB_H 1
| #define HAVE_STRING_H 1
| #define HAVE_MEMORY_H 1
| #define HAVE_STRINGS_H 1
| #define HAVE_INTTYPES_H 1
| #define HAVE_STDINT_H 1
| #define HAVE_UNISTD_H 1
| #define HAVE_DLFCN_H 1
| #define LT_OBJDIR ".libs/"
| #define HAVE_DEDISP 1
| #define HAVE_CUDA 1
| #define HAVE_PSRDADA 1
| #define HAVE_THRUST 1
| #define HAVE_BOOST 1
| #define STDC_HEADERS 1
| #define HAVE_ARPA_INET_H 1
| #define HAVE_FCNTL_H 1
| #define HAVE_INTTYPES_H 1
| #define HAVE_NETDB_H 1
| #define HAVE_NETINET_IN_H 1
| #define HAVE_STDLIB_H 1
| #define HAVE_STRING_H 1
| #define HAVE_SYS_SOCKET_H 1
| #define HAVE_SYS_TIME_H 1
| #define HAVE_UNISTD_H 1
| #define HAVE__BOOL 1
| #define HAVE_STDBOOL_H 1
| /* end confdefs.h.  */
| #include <stdio.h>
| #ifdef HAVE_SYS_TYPES_H
| # include <sys/types.h>
| #endif
| #ifdef HAVE_SYS_STAT_H
| # include <sys/stat.h>
| #endif
| #ifdef STDC_HEADERS
| # include <stdlib.h>
| # include <stddef.h>
| #else
| # ifdef HAVE_STDLIB_H
| #  include <stdlib.h>
| # endif
| #endif
| #ifdef HAVE_STRING_H
| # if !defined STDC_HEADERS && defined HAVE_MEMORY_H
| #  include <memory.h>
| # endif
| # include <string.h>
| #endif
| #ifdef HAVE_STRINGS_H
| # include <strings.h>
| #endif
| #ifdef HAVE_INTTYPES_H
| # include <inttypes.h>
| #endif
| #ifdef HAVE_STDINT_H
| # include <stdint.h>
| #endif
| #ifdef HAVE_UNISTD_H
| # include <unistd.h>
| #endif
| int
| main ()
| {
| if (sizeof ((pid_t)))
| 	    return 0;
|   ;
|   return 0;
| }
configure:17615: result: yes
configure:17626: checking for size_t
configure:17626: result: yes
configure:17637: checking whether time.h and sys/time.h may both be included
configure:17657: gcc -c -g -O2   conftest.c >&5
configure:17657: $? = 0
configure:17664: result: yes
configure:17672: checking whether struct tm is in sys/time.h or time.h
configure:17692: gcc -c -g -O2   conftest.c >&5
configure:17692: $? = 0
configure:17699: result: time.h
configure:17711: checking vfork.h usability
configure:17711: gcc -c -g -O2   conftest.c >&5
conftest.c:75:19: fatal error: vfork.h: No such file or directory
compilation terminated.
configure:17711: $? = 1
configure: failed program was:
| /* confdefs.h */
| #define PACKAGE_NAME "HEIMDALL"
| #define PACKAGE_TARNAME "heimdall"
| #define PACKAGE_VERSION "0.1"
| #define PACKAGE_STRING "HEIMDALL 0.1"
| #define PACKAGE_BUGREPORT "ajameson@swin.edu.au"
| #define PACKAGE_URL ""
| #define PACKAGE "heimdall"
| #define VERSION "0.1"
| #define STDC_HEADERS 1
| #define HAVE_SYS_TYPES_H 1
| #define HAVE_SYS_STAT_H 1
| #define HAVE_STDLIB_H 1
| #define HAVE_STRING_H 1
| #define HAVE_MEMORY_H 1
| #define HAVE_STRINGS_H 1
| #define HAVE_INTTYPES_H 1
| #define HAVE_STDINT_H 1
| #define HAVE_UNISTD_H 1
| #define HAVE_DLFCN_H 1
| #define LT_OBJDIR ".libs/"
| #define HAVE_DEDISP 1
| #define HAVE_CUDA 1
| #define HAVE_PSRDADA 1
| #define HAVE_THRUST 1
| #define HAVE_BOOST 1
| #define STDC_HEADERS 1
| #define HAVE_ARPA_INET_H 1
| #define HAVE_FCNTL_H 1
| #define HAVE_INTTYPES_H 1
| #define HAVE_NETDB_H 1
| #define HAVE_NETINET_IN_H 1
| #define HAVE_STDLIB_H 1
| #define HAVE_STRING_H 1
| #define HAVE_SYS_SOCKET_H 1
| #define HAVE_SYS_TIME_H 1
| #define HAVE_UNISTD_H 1
| #define HAVE__BOOL 1
| #define HAVE_STDBOOL_H 1
| #define TIME_WITH_SYS_TIME 1
| /* end confdefs.h.  */
| #include <stdio.h>
| #ifdef HAVE_SYS_TYPES_H
| # include <sys/types.h>
| #endif
| #ifdef HAVE_SYS_STAT_H
| # include <sys/stat.h>
| #endif
| #ifdef STDC_HEADERS
| # include <stdlib.h>
| # include <stddef.h>
| #else
| # ifdef HAVE_STDLIB_H
| #  include <stdlib.h>
| # endif
| #endif
| #ifdef HAVE_STRING_H
| # if !defined STDC_HEADERS && defined HAVE_MEMORY_H
| #  include <memory.h>
| # endif
| # include <string.h>
| #endif
| #ifdef HAVE_STRINGS_H
| # include <strings.h>
| #endif
| #ifdef HAVE_INTTYPES_H
| # include <inttypes.h>
| #endif
| #ifdef HAVE_STDINT_H
| # include <stdint.h>
| #endif
| #ifdef HAVE_UNISTD_H
| # include <unistd.h>
| #endif
| #include <vfork.h>
configure:17711: result: no
configure:17711: checking vfork.h presence
configure:17711: gcc -E  conftest.c
conftest.c:42:19: fatal error: vfork.h: No such file or directory
compilation terminated.
configure:17711: $? = 1
configure: failed program was:
| /* confdefs.h */
| #define PACKAGE_NAME "HEIMDALL"
| #define PACKAGE_TARNAME "heimdall"
| #define PACKAGE_VERSION "0.1"
| #define PACKAGE_STRING "HEIMDALL 0.1"
| #define PACKAGE_BUGREPORT "ajameson@swin.edu.au"
| #define PACKAGE_URL ""
| #define PACKAGE "heimdall"
| #define VERSION "0.1"
| #define STDC_HEADERS 1
| #define HAVE_SYS_TYPES_H 1
| #define HAVE_SYS_STAT_H 1
| #define HAVE_STDLIB_H 1
| #define HAVE_STRING_H 1
| #define HAVE_MEMORY_H 1
| #define HAVE_STRINGS_H 1
| #define HAVE_INTTYPES_H 1
| #define HAVE_STDINT_H 1
| #define HAVE_UNISTD_H 1
| #define HAVE_DLFCN_H 1
| #define LT_OBJDIR ".libs/"
| #define HAVE_DEDISP 1
| #define HAVE_CUDA 1
| #define HAVE_PSRDADA 1
| #define HAVE_THRUST 1
| #define HAVE_BOOST 1
| #define STDC_HEADERS 1
| #define HAVE_ARPA_INET_H 1
| #define HAVE_FCNTL_H 1
| #define HAVE_INTTYPES_H 1
| #define HAVE_NETDB_H 1
| #define HAVE_NETINET_IN_H 1
| #define HAVE_STDLIB_H 1
| #define HAVE_STRING_H 1
| #define HAVE_SYS_SOCKET_H 1
| #define HAVE_SYS_TIME_H 1
| #define HAVE_UNISTD_H 1
| #define HAVE__BOOL 1
| #define HAVE_STDBOOL_H 1
| #define TIME_WITH_SYS_TIME 1
| /* end confdefs.h.  */
| #include <vfork.h>
configure:17711: result: no
configure:17711: checking for vfork.h
configure:17711: result: no
configure:17724: checking for fork
configure:17724: gcc -o conftest -g -O2    conftest.c   >&5
conftest.c:65:6: warning: conflicting types for built-in function 'fork'
 char fork ();
      ^
configure:17724: $? = 0
configure:17724: result: yes
configure:17724: checking for vfork
configure:17724: gcc -o conftest -g -O2    conftest.c   >&5
configure:17724: $? = 0
configure:17724: result: yes
configure:17734: checking for working fork
configure:17756: gcc -o conftest -g -O2    conftest.c   >&5
configure:17756: $? = 0
configure:17756: ./conftest
configure:17756: $? = 0
configure:17766: result: yes
configure:17787: checking for working vfork
configure:17897: result: yes
configure:17924: checking for stdlib.h
configure:17924: result: yes
configure:17934: checking for GNU libc compatible malloc
configure:17958: gcc -o conftest -g -O2    conftest.c   >&5
configure:17958: $? = 0
configure:17958: ./conftest
configure:17958: $? = 0
configure:17968: result: yes
configure:17989: checking for working memcmp
configure:18032: gcc -o conftest -g -O2    conftest.c   >&5
configure:18032: $? = 0
configure:18032: ./conftest
configure:18032: $? = 0
configure:18042: result: yes
configure:18057: checking for sys/time.h
configure:18057: result: yes
configure:18057: checking for unistd.h
configure:18057: result: yes
configure:18078: checking for alarm
configure:18078: gcc -o conftest -g -O2    conftest.c   >&5
configure:18078: $? = 0
configure:18078: result: yes
configure:18091: checking for working mktime
configure:18293: gcc -o conftest -g -O2    conftest.c   >&5
configure:18293: $? = 0
configure:18293: ./conftest
configure:18293: $? = 0
configure:18303: result: yes
configure:18316: checking for stdlib.h
configure:18316: result: yes
configure:18326: checking for GNU libc compatible realloc
configure:18350: gcc -o conftest -g -O2    conftest.c   >&5
configure:18350: $? = 0
configure:18350: ./conftest
configure:18350: $? = 0
configure:18360: result: yes
configure:18384: checking sys/select.h usability
configure:18384: gcc -c -g -O2   conftest.c >&5
configure:18384: $? = 0
configure:18384: result: yes
configure:18384: checking sys/select.h presence
configure:18384: gcc -E  conftest.c
configure:18384: $? = 0
configure:18384: result: yes
configure:18384: checking for sys/select.h
configure:18384: result: yes
configure:18384: checking for sys/socket.h
configure:18384: result: yes
configure:18394: checking types of arguments for select
configure:18422: gcc -c -g -O2   conftest.c >&5
configure:18422: $? = 0
configure:18433: result: int,fd_set *,struct timeval *
configure:18463: checking return type of signal handlers
configure:18481: gcc -c -g -O2   conftest.c >&5
conftest.c: In function 'main':
conftest.c:64:9: error: void value not ignored as it ought to be
 return *(signal (0, 0)) (0) == 1;
         ^
configure:18481: $? = 1
configure: failed program was:
| /* confdefs.h */
| #define PACKAGE_NAME "HEIMDALL"
| #define PACKAGE_TARNAME "heimdall"
| #define PACKAGE_VERSION "0.1"
| #define PACKAGE_STRING "HEIMDALL 0.1"
| #define PACKAGE_BUGREPORT "ajameson@swin.edu.au"
| #define PACKAGE_URL ""
| #define PACKAGE "heimdall"
| #define VERSION "0.1"
| #define STDC_HEADERS 1
| #define HAVE_SYS_TYPES_H 1
| #define HAVE_SYS_STAT_H 1
| #define HAVE_STDLIB_H 1
| #define HAVE_STRING_H 1
| #define HAVE_MEMORY_H 1
| #define HAVE_STRINGS_H 1
| #define HAVE_INTTYPES_H 1
| #define HAVE_STDINT_H 1
| #define HAVE_UNISTD_H 1
| #define HAVE_DLFCN_H 1
| #define LT_OBJDIR ".libs/"
| #define HAVE_DEDISP 1
| #define HAVE_CUDA 1
| #define HAVE_PSRDADA 1
| #define HAVE_THRUST 1
| #define HAVE_BOOST 1
| #define STDC_HEADERS 1
| #define HAVE_ARPA_INET_H 1
| #define HAVE_FCNTL_H 1
| #define HAVE_INTTYPES_H 1
| #define HAVE_NETDB_H 1
| #define HAVE_NETINET_IN_H 1
| #define HAVE_STDLIB_H 1
| #define HAVE_STRING_H 1
| #define HAVE_SYS_SOCKET_H 1
| #define HAVE_SYS_TIME_H 1
| #define HAVE_UNISTD_H 1
| #define HAVE__BOOL 1
| #define HAVE_STDBOOL_H 1
| #define TIME_WITH_SYS_TIME 1
| #define HAVE_FORK 1
| #define HAVE_VFORK 1
| #define HAVE_WORKING_VFORK 1
| #define HAVE_WORKING_FORK 1
| #define HAVE_STDLIB_H 1
| #define HAVE_MALLOC 1
| #define HAVE_SYS_TIME_H 1
| #define HAVE_UNISTD_H 1
| #define HAVE_ALARM 1
| #define HAVE_STDLIB_H 1
| #define HAVE_REALLOC 1
| #define HAVE_SYS_SELECT_H 1
| #define HAVE_SYS_SOCKET_H 1
| #define SELECT_TYPE_ARG1 int
| #define SELECT_TYPE_ARG234 (fd_set *)
| #define SELECT_TYPE_ARG5 (struct timeval *)
| /* end confdefs.h.  */
| #include <sys/types.h>
| #include <signal.h>
| 
| int
| main ()
| {
| return *(signal (0, 0)) (0) == 1;
|   ;
|   return 0;
| }
configure:18488: result: void
configure:18496: checking whether lstat correctly handles trailing slash
configure:18522: gcc -o conftest -g -O2    conftest.c   >&5
configure:18522: $? = 0
configure:18522: ./conftest
configure:18522: $? = 0
configure:18539: result: yes
configure:18558: checking whether stat accepts an empty string
configure:18578: gcc -o conftest -g -O2    conftest.c   >&5
configure:18578: $? = 0
configure:18578: ./conftest
configure:18578: $? = 0
configure:18588: result: no
configure:18606: checking for strftime
configure:18606: gcc -o conftest -g -O2    conftest.c   >&5
conftest.c:83:6: warning: conflicting types for built-in function 'strftime'
 char strftime ();
      ^
configure:18606: $? = 0
configure:18606: result: yes
configure:18661: checking for vprintf
configure:18661: gcc -o conftest -g -O2    conftest.c   >&5
conftest.c:84:6: warning: conflicting types for built-in function 'vprintf'
 char vprintf ();
      ^
configure:18661: $? = 0
configure:18661: result: yes
configure:18667: checking for _doprnt
configure:18667: gcc -o conftest -g -O2    conftest.c   >&5
/tmp/ccoP1wjW.o: In function `main':
/home/ubuntu/proj/dsa110-shell/dsa110-mbheimdall/conftest.c:96: undefined reference to `_doprnt'
collect2: error: ld returned 1 exit status
configure:18667: $? = 1
configure: failed program was:
| /* confdefs.h */
| #define PACKAGE_NAME "HEIMDALL"
| #define PACKAGE_TARNAME "heimdall"
| #define PACKAGE_VERSION "0.1"
| #define PACKAGE_STRING "HEIMDALL 0.1"
| #define PACKAGE_BUGREPORT "ajameson@swin.edu.au"
| #define PACKAGE_URL ""
| #define PACKAGE "heimdall"
| #define VERSION "0.1"
| #define STDC_HEADERS 1
| #define HAVE_SYS_TYPES_H 1
| #define HAVE_SYS_STAT_H 1
| #define HAVE_STDLIB_H 1
| #define HAVE_STRING_H 1
| #define HAVE_MEMORY_H 1
| #define HAVE_STRINGS_H 1
| #define HAVE_INTTYPES_H 1
| #define HAVE_STDINT_H 1
| #define HAVE_UNISTD_H 1
| #define HAVE_DLFCN_H 1
| #define LT_OBJDIR ".libs/"
| #define HAVE_DEDISP 1
| #define HAVE_CUDA 1
| #define HAVE_PSRDADA 1
| #define HAVE_THRUST 1
| #define HAVE_BOOST 1
| #define STDC_HEADERS 1
| #define HAVE_ARPA_INET_H 1
| #define HAVE_FCNTL_H 1
| #define HAVE_INTTYPES_H 1
| #define HAVE_NETDB_H 1
| #define HAVE_NETINET_IN_H 1
| #define HAVE_STDLIB_H 1
| #define HAVE_STRING_H 1
| #define HAVE_SYS_SOCKET_H 1
| #define HAVE_SYS_TIME_H 1
| #define HAVE_UNISTD_H 1
| #define HAVE__BOOL 1
| #define HAVE_STDBOOL_H 1
| #define TIME_WITH_SYS_TIME 1
| #define HAVE_FORK 1
| #define HAVE_VFORK 1
| #define HAVE_WORKING_VFORK 1
| #define HAVE_WORKING_FORK 1
| #define HAVE_STDLIB_H 1
| #define HAVE_MALLOC 1
| #define HAVE_SYS_TIME_H 1
| #define HAVE_UNISTD_H 1
| #define HAVE_ALARM 1
| #define HAVE_STDLIB_H 1
| #define HAVE_REALLOC 1
| #define HAVE_SYS_SELECT_H 1
| #define HAVE_SYS_SOCKET_H 1
| #define SELECT_TYPE_ARG1 int
| #define SELECT_TYPE_ARG234 (fd_set *)
| #define SELECT_TYPE_ARG5 (struct timeval *)
| #define RETSIGTYPE void
| #define LSTAT_FOLLOWS_SLASHED_SYMLINK 1
| #define HAVE_STRFTIME 1
| #define HAVE_VPRINTF 1
| /* end confdefs.h.  */
| /* Define _doprnt to an innocuous variant, in case <limits.h> declares _doprnt.
|    For example, HP-UX 11i <limits.h> declares gettimeofday.  */
| #define _doprnt innocuous__doprnt
| 
| /* System header to define __stub macros and hopefully few prototypes,
|     which can conflict with char _doprnt (); below.
|     Prefer <limits.h> to <assert.h> if __STDC__ is defined, since
|     <limits.h> exists even on freestanding compilers.  */
| 
| #ifdef __STDC__
| # include <limits.h>
| #else
| # include <assert.h>
| #endif
| 
| #undef _doprnt
| 
| /* Override any GCC internal prototype to avoid an error.
|    Use char because int might match the return type of a GCC
|    builtin and then its argument prototype would still apply.  */
| #ifdef __cplusplus
| extern "C"
| #endif
| char _doprnt ();
| /* The GNU C library defines this for functions which it implements
|     to always fail with ENOSYS.  Some functions are actually named
|     something starting with __ and the normal name is an alias.  */
| #if defined __stub__doprnt || defined __stub____doprnt
| choke me
| #endif
| 
| int
| main ()
| {
| return _doprnt ();
|   ;
|   return 0;
| }
configure:18667: result: no
configure:18678: checking for error_at_line
configure:18694: gcc -o conftest -g -O2    conftest.c   >&5
configure:18694: $? = 0
configure:18702: result: yes
configure:18716: checking for gettimeofday
configure:18716: gcc -o conftest -g -O2    conftest.c   >&5
configure:18716: $? = 0
configure:18716: result: yes
configure:18716: checking for memset
configure:18716: gcc -o conftest -g -O2    conftest.c   >&5
conftest.c:86:6: warning: conflicting types for built-in function 'memset'
 char memset ();
      ^
configure:18716: $? = 0
configure:18716: result: yes
configure:18716: checking for pow
configure:18716: gcc -o conftest -g -O2    conftest.c   >&5
conftest.c:87:6: warning: conflicting types for built-in function 'pow'
 char pow ();
      ^
/tmp/ccGC7Bzo.o: In function `main':
/home/ubuntu/proj/dsa110-shell/dsa110-mbheimdall/conftest.c:98: undefined reference to `pow'
collect2: error: ld returned 1 exit status
configure:18716: $? = 1
configure: failed program was:
| /* confdefs.h */
| #define PACKAGE_NAME "HEIMDALL"
| #define PACKAGE_TARNAME "heimdall"
| #define PACKAGE_VERSION "0.1"
| #define PACKAGE_STRING "HEIMDALL 0.1"
| #define PACKAGE_BUGREPORT "ajameson@swin.edu.au"
| #define PACKAGE_URL ""
| #define PACKAGE "heimdall"
| #define VERSION "0.1"
| #define STDC_HEADERS 1
| #define HAVE_SYS_TYPES_H 1
| #define HAVE_SYS_STAT_H 1
| #define HAVE_STDLIB_H 1
| #define HAVE_STRING_H 1
| #define HAVE_MEMORY_H 1
| #define HAVE_STRINGS_H 1
| #define HAVE_INTTYPES_H 1
| #define HAVE_STDINT_H 1
| #define HAVE_UNISTD_H 1
| #define HAVE_DLFCN_H 1
| #define LT_OBJDIR ".libs/"
| #define HAVE_DEDISP 1
| #define HAVE_CUDA 1
| #define HAVE_PSRDADA 1
| #define HAVE_THRUST 1
| #define HAVE_BOOST 1
| #define STDC_HEADERS 1
| #define HAVE_ARPA_INET_H 1
| #define HAVE_FCNTL_H 1
| #define HAVE_INTTYPES_H 1
| #define HAVE_NETDB_H 1
| #define HAVE_NETINET_IN_H 1
| #define HAVE_STDLIB_H 1
| #define HAVE_STRING_H 1
| #define HAVE_SYS_SOCKET_H 1
| #define HAVE_SYS_TIME_H 1
| #define HAVE_UNISTD_H 1
| #define HAVE__BOOL 1
| #define HAVE_STDBOOL_H 1
| #define TIME_WITH_SYS_TIME 1
| #define HAVE_FORK 1
| #define HAVE_VFORK 1
| #define HAVE_WORKING_VFORK 1
| #define HAVE_WORKING_FORK 1
| #define HAVE_STDLIB_H 1
| #define HAVE_MALLOC 1
| #define HAVE_SYS_TIME_H 1
| #define HAVE_UNISTD_H 1
| #define HAVE_ALARM 1
| #define HAVE_STDLIB_H 1
| #define HAVE_REALLOC 1
| #define HAVE_SYS_SELECT_H 1
| #define HAVE_SYS_SOCKET_H 1
| #define SELECT_TYPE_ARG1 int
| #define SELECT_TYPE_ARG234 (fd_set *)
| #define SELECT_TYPE_ARG5 (struct timeval *)
| #define RETSIGTYPE void
| #define LSTAT_FOLLOWS_SLASHED_SYMLINK 1
| #define HAVE_STRFTIME 1
| #define HAVE_VPRINTF 1
| #define HAVE_GETTIMEOFDAY 1
| #define HAVE_MEMSET 1
| /* end confdefs.h.  */
| /* Define pow to an innocuous variant, in case <limits.h> declares pow.
|    For example, HP-UX 11i <limits.h> declares gettimeofday.  */
| #define pow innocuous_pow
| 
| /* System header to define __stub macros and hopefully few prototypes,
|     which can conflict with char pow (); below.
|     Prefer <limits.h> to <assert.h> if __STDC__ is defined, since
|     <limits.h> exists even on freestanding compilers.  */
| 
| #ifdef __STDC__
| # include <limits.h>
| #else
| # include <assert.h>
| #endif
| 
| #undef pow
| 
| /* Override any GCC internal prototype to avoid an error.
|    Use char because int might match the return type of a GCC
|    builtin and then its argument prototype would still apply.  */
| #ifdef __cplusplus
| extern "C"
| #endif
| char pow ();
| /* The GNU C library defines this for functions which it implements
|     to always fail with ENOSYS.  Some functions are actually named
|     something starting with __ and the normal name is an alias.  */
| #if defined __stub_pow || defined __stub___pow
| choke me
| #endif
| 
| int
| main ()
| {
| return pow ();
|   ;
|   return 0;
| }
configure:18716: result: no
configure:18716: checking for socket
configure:18716: gcc -o conftest -g -O2    conftest.c   >&5
configure:18716: $? = 0
configure:18716: result: yes
configure:18716: checking for sqrt
configure:18716: gcc -o conftest -g -O2    conftest.c   >&5
conftest.c:88:6: warning: conflicting types for built-in function 'sqrt'
 char sqrt ();
      ^
/tmp/ccoMGQ6C.o: In function `main':
/home/ubuntu/proj/dsa110-shell/dsa110-mbheimdall/conftest.c:99: undefined reference to `sqrt'
collect2: error: ld returned 1 exit status
configure:18716: $? = 1
configure: failed program was:
| /* confdefs.h */
| #define PACKAGE_NAME "HEIMDALL"
| #define PACKAGE_TARNAME "heimdall"
| #define PACKAGE_VERSION "0.1"
| #define PACKAGE_STRING "HEIMDALL 0.1"
| #define PACKAGE_BUGREPORT "ajameson@swin.edu.au"
| #define PACKAGE_URL ""
| #define PACKAGE "heimdall"
| #define VERSION "0.1"
| #define STDC_HEADERS 1
| #define HAVE_SYS_TYPES_H 1
| #define HAVE_SYS_STAT_H 1
| #define HAVE_STDLIB_H 1
| #define HAVE_STRING_H 1
| #define HAVE_MEMORY_H 1
| #define HAVE_STRINGS_H 1
| #define HAVE_INTTYPES_H 1
| #define HAVE_STDINT_H 1
| #define HAVE_UNISTD_H 1
| #define HAVE_DLFCN_H 1
| #define LT_OBJDIR ".libs/"
| #define HAVE_DEDISP 1
| #define HAVE_CUDA 1
| #define HAVE_PSRDADA 1
| #define HAVE_THRUST 1
| #define HAVE_BOOST 1
| #define STDC_HEADERS 1
| #define HAVE_ARPA_INET_H 1
| #define HAVE_FCNTL_H 1
| #define HAVE_INTTYPES_H 1
| #define HAVE_NETDB_H 1
| #define HAVE_NETINET_IN_H 1
| #define HAVE_STDLIB_H 1
| #define HAVE_STRING_H 1
| #define HAVE_SYS_SOCKET_H 1
| #define HAVE_SYS_TIME_H 1
| #define HAVE_UNISTD_H 1
| #define HAVE__BOOL 1
| #define HAVE_STDBOOL_H 1
| #define TIME_WITH_SYS_TIME 1
| #define HAVE_FORK 1
| #define HAVE_VFORK 1
| #define HAVE_WORKING_VFORK 1
| #define HAVE_WORKING_FORK 1
| #define HAVE_STDLIB_H 1
| #define HAVE_MALLOC 1
| #define HAVE_SYS_TIME_H 1
| #define HAVE_UNISTD_H 1
| #define HAVE_ALARM 1
| #define HAVE_STDLIB_H 1
| #define HAVE_REALLOC 1
| #define HAVE_SYS_SELECT_H 1
| #define HAVE_SYS_SOCKET_H 1
| #define SELECT_TYPE_ARG1 int
| #define SELECT_TYPE_ARG234 (fd_set *)
| #define SELECT_TYPE_ARG5 (struct timeval *)
| #define RETSIGTYPE void
| #define LSTAT_FOLLOWS_SLASHED_SYMLINK 1
| #define HAVE_STRFTIME 1
| #define HAVE_VPRINTF 1
| #define HAVE_GETTIMEOFDAY 1
| #define HAVE_MEMSET 1
| #define HAVE_SOCKET 1
| /* end confdefs.h.  */
| /* Define sqrt to an innocuous variant, in case <limits.h> declares sqrt.
|    For example, HP-UX 11i <limits.h> declares gettimeofday.  */
| #define sqrt innocuous_sqrt
| 
| /* System header to define __stub macros and hopefully few prototypes,
|     which can conflict with char sqrt (); below.
|     Prefer <limits.h> to <assert.h> if __STDC__ is defined, since
|     <limits.h> exists even on freestanding compilers.  */
| 
| #ifdef __STDC__
| # include <limits.h>
| #else
| # include <assert.h>
| #endif
| 
| #undef sqrt
| 
| /* Override any GCC internal prototype to avoid an error.
|    Use char because int might match the return type of a GCC
|    builtin and then its argument prototype would still apply.  */
| #ifdef __cplusplus
| extern "C"
| #endif
| char sqrt ();
| /* The GNU C library defines this for functions which it implements
|     to always fail with ENOSYS.  Some functions are actually named
|     something starting with __ and the normal name is an alias.  */
| #if defined __stub_sqrt || defined __stub___sqrt
| choke me
| #endif
| 
| int
| main ()
| {
| return sqrt ();
|   ;
|   return 0;
| }
configure:18716: result: no
configure:18716: checking for strdup
configure:18716: gcc -o conftest -g -O2    conftest.c   >&5
conftest.c:88:6: warning: conflicting types for built-in function 'strdup'
 char strdup ();
      ^
configure:18716: $? = 0
configure:18716: result: yes
configure:18716: checking for strerror
configure:18716: gcc -o conftest -g -O2    conftest.c   >&5
configure:18716: $? = 0
configure:18716: result: yes
configure:18847: checking that generated files are newer than configure
configure:18853: result: done
configure:18896: creating ./config.status

## ---------------------- ##
## Running config.status. ##
## ---------------------- ##

This file was extended by HEIMDALL config.status 0.1, which was
generated by GNU Autoconf 2.69.  Invocation command line was

  CONFIG_FILES    = 
  CONFIG_HEADERS  = 
  CONFIG_LINKS    = 
  CONFIG_COMMANDS = 
  $ ./config.status 

on corr21

config.status:1223: creating Applications/Makefile
config.status:1223: creating Formats/Makefile
config.status:1223: creating Makefile
config.status:1223: creating Network/Makefile
config.status:1223: creating Pipeline/Makefile
config.status:1223: creating Share/Makefile
config.status:1223: creating Scripts/Makefile
config.status:1223: creating Scripts/trans_paths.py
config.status:1223: creating config.h
config.status:1404: config.h is unchanged
config.status:1452: executing depfiles commands
config.status:1452: executing libtool commands

## ---------------- ##
## Cache variables. ##
## ---------------- ##

ac_cv_build=x86_64-pc-linux-gnu
ac_cv_c_compiler_gnu=yes
ac_cv_c_const=yes
ac_cv_c_inline=inline
ac_cv_c_int64_t=yes
ac_cv_c_uint64_t=yes
ac_cv_cxx_compiler_gnu=yes
ac_cv_env_BOOST_ROOT_set=
ac_cv_env_BOOST_ROOT_value=
ac_cv_env_CCC_set=
ac_cv_env_CCC_value=
ac_cv_env_CC_set=
ac_cv_env_CC_value=
ac_cv_env_CFLAGS_set=
ac_cv_env_CFLAGS_value=
ac_cv_env_CPPFLAGS_set=
ac_cv_env_CPPFLAGS_value=
ac_cv_env_CPP_set=
ac_cv_env_CPP_value=
ac_cv_env_CXXCPP_set=
ac_cv_env_CXXCPP_value=
ac_cv_env_CXXFLAGS_set=
ac_cv_env_CXXFLAGS_value=
ac_cv_env_CXX_set=
ac_cv_env_CXX_value=
ac_cv_env_LDFLAGS_set=
ac_cv_env_LDFLAGS_value=
ac_cv_env_LIBS_set=
ac_cv_env_LIBS_value=
ac_cv_env_LOGIN_ARCH_set=
ac_cv_env_LOGIN_ARCH_value=
ac_cv_env_LT_SYS_LIBRARY_PATH_set=
ac_cv_env_LT_SYS_LIBRARY_PATH_value=
ac_cv_env_PSRHOME_set=
ac_cv_env_PSRHOME_value=
ac_cv_env_build_alias_set=
ac_cv_env_build_alias_value=
ac_cv_env_host_alias_set=
ac_cv_env_host_alias_value=
ac_cv_env_target_alias_set=
ac_cv_env_target_alias_value=
ac_cv_func__doprnt=no
ac_cv_func_alarm=yes
ac_cv_func_fork=yes
ac_cv_func_fork_works=yes
ac_cv_func_gettimeofday=yes
ac_cv_func_lstat_dereferences_slashed_symlink=yes
ac_cv_func_malloc_0_nonnull=yes
ac_cv_func_memcmp_working=yes
ac_cv_func_memset=yes
ac_cv_func_pow=no
ac_cv_func_realloc_0_nonnull=yes
ac_cv_func_select_args='int,fd_set *,struct timeval *'
ac_cv_func_setvbuf_reversed=no
ac_cv_func_socket=yes
ac_cv_func_sqrt=no
ac_cv_func_stat_empty_string_bug=no
ac_cv_func_strdup=yes
ac_cv_func_strerror=yes
ac_cv_func_strftime=yes
ac_cv_func_vfork=yes
ac_cv_func_vfork_works=yes
ac_cv_func_vprintf=yes
ac_cv_func_working_mktime=yes
ac_cv_header_arpa_inet_h=yes
ac_cv_header_dlfcn_h=yes
ac_cv_header_fcntl_h=yes
ac_cv_header_inttypes_h=yes
ac_cv_header_memory_h=yes
ac_cv_header_netdb_h=yes
ac_cv_header_netinet_in_h=yes
ac_cv_header_stdbool_h=yes
ac_cv_header_stdc=yes
ac_cv_header_stdint_h=yes
ac_cv_header_stdlib_h=yes
ac_cv_header_string_h=yes
ac_cv_header_strings_h=yes
ac_cv_header_sys_select_h=yes
ac_cv_header_sys_socket_h=yes
ac_cv_header_sys_stat_h=yes
ac_cv_header_sys_time_h=yes
ac_cv_header_sys_types_h=yes
ac_cv_header_time=yes
ac_cv_header_unistd_h=yes
ac_cv_header_vfork_h=no
ac_cv_host=x86_64-pc-linux-gnu
ac_cv_lib_error_at_line=yes
ac_cv_objext=o
ac_cv_path_EGREP='/bin/grep -E'
ac_cv_path_FGREP='/bin/grep -F'
ac_cv_path_GREP=/bin/grep
ac_cv_path_SED=/bin/sed
ac_cv_path_install='/usr/bin/install -c'
ac_cv_path_lt_DD=/bin/dd
ac_cv_path_mkdir=/bin/mkdir
ac_cv_prog_AWK=gawk
ac_cv_prog_CPP='gcc -E'
ac_cv_prog_CXXCPP='g++ -E'
ac_cv_prog_ac_ct_AR=ar
ac_cv_prog_ac_ct_CC=gcc
ac_cv_prog_ac_ct_CXX=g++
ac_cv_prog_ac_ct_MANIFEST_TOOL=mt
ac_cv_prog_ac_ct_OBJDUMP=objdump
ac_cv_prog_ac_ct_RANLIB=ranlib
ac_cv_prog_ac_ct_STRIP=strip
ac_cv_prog_cc_c89=
ac_cv_prog_cc_g=yes
ac_cv_prog_cxx_g=yes
ac_cv_prog_make_make_set=yes
ac_cv_struct_tm=time.h
ac_cv_type__Bool=yes
ac_cv_type_pid_t=yes
ac_cv_type_signal=void
ac_cv_type_size_t=yes
am_cv_CC_dependencies_compiler_type=gcc3
am_cv_CXX_dependencies_compiler_type=gcc3
am_cv_make_support_nested_variables=yes
am_cv_prog_cc_c_o=yes
boost_cv_inc_path=yes
boost_cv_lib_version=1_58
lt_cv_ar_at_file=@
lt_cv_deplibs_check_method=pass_all
lt_cv_file_magic_cmd='$MAGIC_CMD'
lt_cv_file_magic_test_file=
lt_cv_ld_reload_flag=-r
lt_cv_nm_interface='BSD nm'
lt_cv_objdir=.libs
lt_cv_path_LD=/usr/bin/ld
lt_cv_path_LDCXX='/usr/bin/ld -m elf_x86_64'
lt_cv_path_NM='/usr/bin/nm -B'
lt_cv_path_mainfest_tool=no
lt_cv_prog_compiler_c_o=yes
lt_cv_prog_compiler_c_o_CXX=yes
lt_cv_prog_compiler_pic='-fPIC -DPIC'
lt_cv_prog_compiler_pic_CXX='-fPIC -DPIC'
lt_cv_prog_compiler_pic_works=yes
lt_cv_prog_compiler_pic_works_CXX=yes
lt_cv_prog_compiler_rtti_exceptions=no
lt_cv_prog_compiler_static_works=yes
lt_cv_prog_compiler_static_works_CXX=yes
lt_cv_prog_gnu_ld=yes
lt_cv_prog_gnu_ldcxx=yes
lt_cv_sharedlib_from_linklib_cmd='printf %s\n'
lt_cv_shlibpath_overrides_runpath=no
lt_cv_sys_global_symbol_pipe='sed -n -e '\''s/^.*[	 ]\([ABCDGIRSTW][ABCDGIRSTW]*\)[	 ][	 ]*\([_A-Za-z][_A-Za-z0-9]*\)$/\1 \2 \2/p'\'' | sed '\''/ __gnu_lto/d'\'''
lt_cv_sys_global_symbol_to_c_name_address='sed -n -e '\''s/^: \(.*\) .*$/  {"\1", (void *) 0},/p'\'' -e '\''s/^[ABCDGIRSTW][ABCDGIRSTW]* .* \(.*\)$/  {"\1", (void *) \&\1},/p'\'''
lt_cv_sys_global_symbol_to_c_name_address_lib_prefix='sed -n -e '\''s/^: \(.*\) .*$/  {"\1", (void *) 0},/p'\'' -e '\''s/^[ABCDGIRSTW][ABCDGIRSTW]* .* \(lib.*\)$/  {"\1", (void *) \&\1},/p'\'' -e '\''s/^[ABCDGIRSTW][ABCDGIRSTW]* .* \(.*\)$/  {"lib\1", (void *) \&\1},/p'\'''
lt_cv_sys_global_symbol_to_cdecl='sed -n -e '\''s/^T .* \(.*\)$/extern int \1();/p'\'' -e '\''s/^[ABCDGIRSTW][ABCDGIRSTW]* .* \(.*\)$/extern char \1;/p'\'''
lt_cv_sys_global_symbol_to_import=
lt_cv_sys_max_cmd_len=1572864
lt_cv_to_host_file_cmd=func_convert_file_noop
lt_cv_to_tool_file_cmd=func_convert_file_noop
lt_cv_truncate_bin='/bin/dd bs=4096 count=1'

## ----------------- ##
## Output variables. ##
## ----------------- ##

ACLOCAL='${SHELL} /home/ubuntu/proj/dsa110-shell/dsa110-mbheimdall/missing aclocal-1.15'
AMDEPBACKSLASH='\'
AMDEP_FALSE='#'
AMDEP_TRUE=''
AMTAR='$${TAR-tar}'
AM_BACKSLASH='\'
AM_DEFAULT_V='$(AM_DEFAULT_VERBOSITY)'
AM_DEFAULT_VERBOSITY='1'
AM_V='$(V)'
AR='ar'
ARCH='AMD64'
AUTOCONF='${SHELL} /home/ubuntu/proj/dsa110-shell/dsa110-mbheimdall/missing autoconf'
AUTOHEADER='${SHELL} /home/ubuntu/proj/dsa110-shell/dsa110-mbheimdall/missing autoheader'
AUTOMAKE='${SHELL} /home/ubuntu/proj/dsa110-shell/dsa110-mbheimdall/missing automake-1.15'
AWK='gawk'
BOOST_CPPFLAGS=''
BOOST_ROOT=''
CC='gcc'
CCDEPMODE='depmode=gcc3'
CFLAGS='-g -O2 '
CPP='gcc -E'
CPPFLAGS=''
CUDA_CFLAGS='-I/usr/local/cuda/include'
CUDA_LIBS='-L/usr/local/cuda/lib64 -lcudart'
CUDA_NVCC='/usr/local/cuda/bin/nvcc $(CUDA_NVCC_FLAGS) -Xcompiler "$(DEFAULT_INCLUDES) $(INCLUDES) $(AM_CPPFLAGS) $(CPPFLAGS)"'
CXX='g++'
CXXCPP='g++ -E'
CXXDEPMODE='depmode=gcc3'
CXXFLAGS='-g -O2  -I/usr/local/cuda/include'
CYGPATH_W='echo'
DEDISP_CFLAGS=''
DEDISP_LIBS='-L/usr/local/lib -ldedisp -lstdc++'
DEFS='-DHAVE_CONFIG_H'
DEPDIR='.deps'
DISTCHECK_CONFIGURE_FLAGS=' '\''--with-boost='\'''
DLLTOOL='false'
DSYMUTIL=''
DUMPBIN=''
ECHO_C=''
ECHO_N='-n'
ECHO_T=''
EGREP='/bin/grep -E'
EXEEXT=''
FGREP='/bin/grep -F'
GREP='/bin/grep'
HAVE_CUDA_FALSE='#'
HAVE_CUDA_TRUE=''
HAVE_DEDISP_FALSE='#'
HAVE_DEDISP_TRUE=''
HAVE_PSRDADA_FALSE='#'
HAVE_PSRDADA_TRUE=''
HAVE_THRUST_FALSE='#'
HAVE_THRUST_TRUE=''
HEIMDALL_INSTALL='/home/ubuntu/proj/dsa110-shell/dsa110-mbheimdall'
INSTALL_DATA='${INSTALL} -m 644'
INSTALL_PROGRAM='${INSTALL}'
INSTALL_SCRIPT='${INSTALL}'
INSTALL_STRIP_PROGRAM='$(install_sh) -c -s'
LD='/usr/bin/ld -m elf_x86_64'
LDFLAGS=''
LIBOBJS=''
LIBS=' '
LIBTOOL='$(SHELL) $(top_builddir)/libtool'
LIPO=''
LN_S='ln -s'
LOGIN_ARCH=''
LTLIBOBJS=''
LT_SYS_LIBRARY_PATH=''
MAKEINFO='${SHELL} /home/ubuntu/proj/dsa110-shell/dsa110-mbheimdall/missing makeinfo'
MANIFEST_TOOL=':'
MKDIR_P='/bin/mkdir -p'
NM='/usr/bin/nm -B'
NMEDIT=''
OBJDUMP='objdump'
OBJEXT='o'
OTOOL64=''
OTOOL=''
PACKAGE='heimdall'
PACKAGE_BUGREPORT='ajameson@swin.edu.au'
PACKAGE_NAME='HEIMDALL'
PACKAGE_STRING='HEIMDALL 0.1'
PACKAGE_TARNAME='heimdall'
PACKAGE_URL=''
PACKAGE_VERSION='0.1'
PATH_SEPARATOR=':'
PSRDADA_CFLAGS=''
PSRDADA_LIBS='-L/usr/local/lib -lpsrdada'
PSRHOME=''
RANLIB='ranlib'
SED='/bin/sed'
SET_MAKE=''
SHELL='/bin/bash'
STRIP='strip'
THRUST_CFLAGS='-I/usr/local/thrust-1.7/include'
THRUST_LIBS=''
VERSION='0.1'
ac_ct_AR='ar'
ac_ct_CC='gcc'
ac_ct_CXX='g++'
ac_ct_DUMPBIN=''
am__EXEEXT_FALSE=''
am__EXEEXT_TRUE='#'
am__fastdepCC_FALSE='#'
am__fastdepCC_TRUE=''
am__fastdepCXX_FALSE='#'
am__fastdepCXX_TRUE=''
am__include='include'
am__isrc=''
am__leading_dot='.'
am__nodep='_no'
am__quote=''
am__tar='$${TAR-tar} chof - "$$tardir"'
am__untar='$${TAR-tar} xf -'
bindir='${exec_prefix}/bin'
build='x86_64-pc-linux-gnu'
build_alias=''
build_cpu='x86_64'
build_os='linux-gnu'
build_vendor='pc'
cuda_nvcc='/usr/local/cuda/bin/nvcc'
datadir='${datarootdir}'
datarootdir='${prefix}/share'
docdir='${datarootdir}/doc/${PACKAGE_TARNAME}'
dvidir='${docdir}'
exec_prefix='${prefix}'
host='x86_64-pc-linux-gnu'
host_alias=''
host_cpu='x86_64'
host_os='linux-gnu'
host_vendor='pc'
htmldir='${docdir}'
includedir='${prefix}/include'
infodir='${datarootdir}/info'
install_sh='${SHELL} /home/ubuntu/proj/dsa110-shell/dsa110-mbheimdall/install-sh'
libdir='${exec_prefix}/lib'
libexecdir='${exec_prefix}/libexec'
localedir='${datarootdir}/locale'
localstatedir='${prefix}/var'
mandir='${datarootdir}/man'
mkdir_p='$(MKDIR_P)'
oldincludedir='/usr/include'
pdfdir='${docdir}'
prefix='/home/ubuntu/proj/dsa110-shell/dsa110-mbheimdall'
program_transform_name='s,x,x,'
psdir='${docdir}'
runstatedir='${localstatedir}/run'
sbindir='${exec_prefix}/sbin'
sharedstatedir='${prefix}/com'
sysconfdir='${prefix}/etc'
target_alias=''

## ----------- ##
## confdefs.h. ##
## ----------- ##

/* confdefs.h */
#define PACKAGE_NAME "HEIMDALL"
#define PACKAGE_TARNAME "heimdall"
#define PACKAGE_VERSION "0.1"
#define PACKAGE_STRING "HEIMDALL 0.1"
#define PACKAGE_BUGREPORT "ajameson@swin.edu.au"
#define PACKAGE_URL ""
#define PACKAGE "heimdall"
#define VERSION "0.1"
#define STDC_HEADERS 1
#define HAVE_SYS_TYPES_H 1
#define HAVE_SYS_STAT_H 1
#define HAVE_STDLIB_H 1
#define HAVE_STRING_H 1
#define HAVE_MEMORY_H 1
#define HAVE_STRINGS_H 1
#define HAVE_INTTYPES_H 1
#define HAVE_STDINT_H 1
#define HAVE_UNISTD_H 1
#define HAVE_DLFCN_H 1
#define LT_OBJDIR ".libs/"
#define HAVE_DEDISP 1
#define HAVE_CUDA 1
#define HAVE_PSRDADA 1
#define HAVE_THRUST 1
#define HAVE_BOOST 1
#define STDC_HEADERS 1
#define HAVE_ARPA_INET_H 1
#define HAVE_FCNTL_H 1
#define HAVE_INTTYPES_H 1
#define HAVE_NETDB_H 1
#define HAVE_NETINET_IN_H 1
#define HAVE_STDLIB_H 1
#define HAVE_STRING_H 1
#define HAVE_SYS_SOCKET_H 1
#define HAVE_SYS_TIME_H 1
#define HAVE_UNISTD_H 1
#define HAVE__BOOL 1
#define HAVE_STDBOOL_H 1
#define TIME_WITH_SYS_TIME 1
#define HAVE_FORK 1
#define HAVE_VFORK 1
#define HAVE_WORKING_VFORK 1
#define HAVE_WORKING_FORK 1
#define HAVE_STDLIB_H 1
#define HAVE_MALLOC 1
#define HAVE_SYS_TIME_H 1
#define HAVE_UNISTD_H 1
#define HAVE_ALARM 1
#define HAVE_STDLIB_H 1
#define HAVE_REALLOC 1
#define HAVE_SYS_SELECT_H 1
#define HAVE_SYS_SOCKET_H 1
#define SELECT_TYPE_ARG1 int
#define SELECT_TYPE_ARG234 (fd_set *)
#define SELECT_TYPE_ARG5 (struct timeval *)
#define RETSIGTYPE void
#define LSTAT_FOLLOWS_SLASHED_SYMLINK 1
#define HAVE_STRFTIME 1
#define HAVE_VPRINTF 1
#define HAVE_GETTIMEOFDAY 1
#define HAVE_MEMSET 1
#define HAVE_SOCKET 1
#define HAVE_STRDUP 1
#define HAVE_STRERROR 1

configure: exit 0

## ---------------------- ##
## Running config.status. ##
## ---------------------- ##

This file was extended by HEIMDALL config.status 0.1, which was
generated by GNU Autoconf 2.69.  Invocation command line was

  CONFIG_FILES    = 
  CONFIG_HEADERS  = 
  CONFIG_LINKS    = 
  CONFIG_COMMANDS = 
  $ ./config.status config.h

on corr21

config.status:1223: creating config.h
config.status:1404: config.h is unchanged
